<?xml version="1.0" encoding="UTF-8"?>
<testng-results ignored="0" total="7" passed="7" failed="0" skipped="0">
  <reporter-output>
  </reporter-output>
  <suite started-at="2022-07-27T16:54:57Z" name="Default suite" finished-at="2022-07-27T16:55:08Z" duration-ms="11394">
    <groups>
    </groups>
    <test started-at="2022-07-27T16:54:57Z" name="Default test" finished-at="2022-07-27T16:55:08Z" duration-ms="11394">
      <class name="com.test.OMRBranchClub">
        <test-method signature="LoginPage()[pri:1, instance:com.test.OMRBranchClub@7d446ed1]" started-at="2022-07-27T16:54:57Z" name="LoginPage" finished-at="2022-07-27T16:55:01Z" duration-ms="3793" status="PASS">
          <reporter-output>
          </reporter-output>
        </test-method> <!-- LoginPage -->
        <test-method signature="AddAddress()[pri:2, instance:com.test.OMRBranchClub@7d446ed1]" started-at="2022-07-27T16:55:01Z" name="AddAddress" finished-at="2022-07-27T16:55:02Z" duration-ms="1047" status="PASS">
          <reporter-output>
          </reporter-output>
        </test-method> <!-- AddAddress -->
        <test-method signature="UpdateAddress()[pri:3, instance:com.test.OMRBranchClub@7d446ed1]" started-at="2022-07-27T16:55:02Z" name="UpdateAddress" finished-at="2022-07-27T16:55:02Z" duration-ms="534" status="PASS">
          <reporter-output>
          </reporter-output>
        </test-method> <!-- UpdateAddress -->
        <test-method signature="DeleteAddress()[pri:4, instance:com.test.OMRBranchClub@7d446ed1]" started-at="2022-07-27T16:55:02Z" name="DeleteAddress" finished-at="2022-07-27T16:55:03Z" duration-ms="798" status="PASS">
          <reporter-output>
          </reporter-output>
        </test-method> <!-- DeleteAddress -->
        <test-method signature="getAddresses()[pri:5, instance:com.test.OMRBranchClub@7d446ed1]" started-at="2022-07-27T16:55:03Z" name="getAddresses" finished-at="2022-07-27T16:55:04Z" duration-ms="765" status="PASS">
          <reporter-output>
          </reporter-output>
        </test-method> <!-- getAddresses -->
        <test-method signature="ChangeProfilepic()[pri:6, instance:com.test.OMRBranchClub@7d446ed1]" started-at="2022-07-27T16:55:04Z" name="ChangeProfilepic" finished-at="2022-07-27T16:55:07Z" duration-ms="3634" status="PASS">
          <reporter-output>
          </reporter-output>
        </test-method> <!-- ChangeProfilepic -->
        <test-method signature="getCartItems()[pri:6, instance:com.test.OMRBranchClub@7d446ed1]" started-at="2022-07-27T16:55:07Z" name="getCartItems" finished-at="2022-07-27T16:55:08Z" duration-ms="781" status="PASS">
          <reporter-output>
          </reporter-output>
        </test-method> <!-- getCartItems -->
      </class> <!-- com.test.OMRBranchClub -->
    </test> <!-- Default test -->
  </suite> <!-- Default suite -->
</testng-results>
